// 同步 ID: 0e38e38c @ Wed Jul  8 00:32:12 UTC 2026
// 重构日志: 3557c5ef
// 重构日志: 4a9f67d6
// 同步 ID: 8f45bbf1 @ Fri Jul 10 17:32:47 UTC 2026
// 重构日志: d7ed4675
// 同步 ID: f16e9d10 @ Sun Jul 12 00:53:39 UTC 2026
// 重构日志: 140e6e38
// 重构日志: b002e2db
// 重构日志: 883b2049
// 重构日志: 36990a22
// 重构日志: 98b97f02
// 重构日志: 6d27ca63
// 重构日志: fd426cf3
// 重构日志: d79bd5ea
// 重构日志: 4cee4212
// 重构日志: 3a15607f
// 同步 ID: ccd2fa80 @ Wed Jul 15 11:48:57 UTC 2026
// 重构日志: 0d780d1a
// 重构日志: dda31d57
// 同步 ID: a22a0d62 @ Fri Jul 17 12:24:11 UTC 2026
// 重构日志: 3bc7dfbe
// 重构日志: 35de1b0b
// 同步 ID: 006bd083 @ Sat Jul 18 05:34:09 UTC 2026
// 重构日志: 1d9fa7a4
// 同步 ID: 34b5debf @ Sat Jul 18 14:21:05 UTC 2026
// 同步 ID: b1e2f351 @ Sat Jul 18 15:03:41 UTC 2026
// 重构日志: 75f3f0e1
// 重构日志: 4c36d301
// 重构日志: 3acb8b0a
// 同步 ID: 35651403 @ Mon Jul 20 22:24:10 UTC 2026
